-------------------------------------------------------------------------------
Test set: tests.ArticleTests
-------------------------------------------------------------------------------
Tests run: 1, Failures: 1, Errors: 0, Skipped: 0, Time elapsed: 20.142 s <<< FAILURE! - in tests.ArticleTests
testCompareArticleTitle(tests.ArticleTests)  Time elapsed: 19.962 s  <<< FAILURE!
junit.framework.ComparisonFailure: We see unexpected title expected:<Java (programming language)> but was:<null>
	at tests.ArticleTests.testCompareArticleTitle(ArticleTests.java:25)

